debug: Mon, 09 Jan 2023 15:04:13 GMT
debug: Project: F:\Lap Trinh Game\simple-games
debug: Targets: editor,preview
debug: Packer deriver version file lost or format incorrect: Error: ENOENT: no such file or directory, open 'F:\Lap Trinh Game\simple-games\temp\programming\packer-driver\VERSION'
debug: Clearing out the targets...
debug: Engine path: D:\CocosDashboard_1.2.3\resources\.editors\Creator\3.6.2\resources\resources\3d\engine
debug: Initializing target [Editor]
debug: Loading cache
debug: Record file loaded failed with error: Error: ENOENT: no such file or directory, open 'F:\Lap Trinh Game\simple-games\temp\programming\packer-driver\targets\editor\main-record.json'
debug: Loading cache costs 0.27680015563964844ms.
debug: Engine features shipped in editor: base,gfx-webgl,gfx-webgl2,3d,animation,skeletal-animation,2d,ui,particle,particle-2d,physics-framework,physics-2d-framework,intersection-2d,primitive,profiler,occlusion-query,geometry-renderer,debug-renderer,audio,video,xr,terrain,webview,tween,tiled-map,spine,dragon-bones,marionette,custom-pipeline
debug: Our import map(foo:/bar): {
  "imports": {
    "cc": "cce:/internal/x/cc"
  }
}
debug: Initializing target [Preview]
debug: Loading cache
debug: Record file loaded failed with error: Error: ENOENT: no such file or directory, open 'F:\Lap Trinh Game\simple-games\temp\programming\packer-driver\targets\preview\main-record.json'
debug: Loading cache costs 0.4082000255584717ms.
debug: Our import map(foo:/bar): {
  "imports": {
    "cc": "cce:/internal/x/cc"
  }
}
debug: Sync engine features: 2d,3d,animation,audio,base,dragon-bones,gfx-webgl,gfx-webgl2,intersection-2d,marionette,particle,particle-2d,physics-2d-box2d,physics-ammo,primitive,profiler,skeletal-animation,spine,terrain,tiled-map,tween,ui,video,webview,xr
debug: Reset databases. Enumerated domains: [
  {
    "root": "db://internal/",
    "physical": "D:\\CocosDashboard_1.2.3\\resources\\.editors\\Creator\\3.6.2\\resources\\resources\\3d\\engine\\editor\\assets"
  },
  {
    "root": "db://assets/",
    "physical": "F:\\Lap Trinh Game\\simple-games\\assets"
  }
]
debug: Our import map(foo:/bar): {
  "imports": {
    "cc": "cce:/internal/x/cc",
    "db://internal/": "file:///D:/CocosDashboard_1.2.3/resources/.editors/Creator/3.6.2/resources/resources/3d/engine/editor/assets/",
    "db://assets/": "file:///F:/Lap%20Trinh%20Game/simple-games/assets/"
  }
}
debug: Our import map(foo:/bar): {
  "imports": {
    "cc": "cce:/internal/x/cc",
    "db://internal/": "file:///D:/CocosDashboard_1.2.3/resources/.editors/Creator/3.6.2/resources/resources/3d/engine/editor/assets/",
    "db://assets/": "file:///F:/Lap%20Trinh%20Game/simple-games/assets/"
  }
}
debug: Pulling asset-db.
debug: Fetch asset-db cost: 9.9128999710083ms.
debug: Build iteration starts.
Number of accumulated asset changes: 16
Feature changed: false
debug: Target(editor) build started.
debug: Inspect cce:/internal/x/cc
debug: Resolve cce:/internal/x/cc-fu/base from cce:/internal/x/cc as external dependency cce:/internal/x/cc-fu/base.
debug: Resolve cce:/internal/x/cc-fu/gfx-webgl from cce:/internal/x/cc as external dependency cce:/internal/x/cc-fu/gfx-webgl.
debug: Resolve cce:/internal/x/cc-fu/gfx-webgl2 from cce:/internal/x/cc as external dependency cce:/internal/x/cc-fu/gfx-webgl2.
debug: Resolve cce:/internal/x/cc-fu/3d from cce:/internal/x/cc as external dependency cce:/internal/x/cc-fu/3d.
debug: Resolve cce:/internal/x/cc-fu/animation from cce:/internal/x/cc as external dependency cce:/internal/x/cc-fu/animation.
debug: Resolve cce:/internal/x/cc-fu/skeletal-animation from cce:/internal/x/cc as external dependency cce:/internal/x/cc-fu/skeletal-animation.
debug: Resolve cce:/internal/x/cc-fu/2d from cce:/internal/x/cc as external dependency cce:/internal/x/cc-fu/2d.
debug: Resolve cce:/internal/x/cc-fu/ui from cce:/internal/x/cc as external dependency cce:/internal/x/cc-fu/ui.
debug: Resolve cce:/internal/x/cc-fu/particle from cce:/internal/x/cc as external dependency cce:/internal/x/cc-fu/particle.
debug: Resolve cce:/internal/x/cc-fu/particle-2d from cce:/internal/x/cc as external dependency cce:/internal/x/cc-fu/particle-2d.
debug: Resolve cce:/internal/x/cc-fu/physics-framework from cce:/internal/x/cc as external dependency cce:/internal/x/cc-fu/physics-framework.
debug: Resolve cce:/internal/x/cc-fu/physics-2d-framework from cce:/internal/x/cc as external dependency cce:/internal/x/cc-fu/physics-2d-framework.
debug: Resolve cce:/internal/x/cc-fu/intersection-2d from cce:/internal/x/cc as external dependency cce:/internal/x/cc-fu/intersection-2d.
debug: Resolve cce:/internal/x/cc-fu/primitive from cce:/internal/x/cc as external dependency cce:/internal/x/cc-fu/primitive.
debug: Resolve cce:/internal/x/cc-fu/profiler from cce:/internal/x/cc as external dependency cce:/internal/x/cc-fu/profiler.
debug: Resolve cce:/internal/x/cc-fu/geometry-renderer from cce:/internal/x/cc as external dependency cce:/internal/x/cc-fu/geometry-renderer.
debug: Resolve cce:/internal/x/cc-fu/audio from cce:/internal/x/cc as external dependency cce:/internal/x/cc-fu/audio.
debug: Resolve cce:/internal/x/cc-fu/video from cce:/internal/x/cc as external dependency cce:/internal/x/cc-fu/video.
debug: Resolve cce:/internal/x/cc-fu/xr from cce:/internal/x/cc as external dependency cce:/internal/x/cc-fu/xr.
debug: Resolve cce:/internal/x/cc-fu/terrain from cce:/internal/x/cc as external dependency cce:/internal/x/cc-fu/terrain.
debug: Resolve cce:/internal/x/cc-fu/webview from cce:/internal/x/cc as external dependency cce:/internal/x/cc-fu/webview.
debug: Resolve cce:/internal/x/cc-fu/tween from cce:/internal/x/cc as external dependency cce:/internal/x/cc-fu/tween.
debug: Resolve cce:/internal/x/cc-fu/tiled-map from cce:/internal/x/cc as external dependency cce:/internal/x/cc-fu/tiled-map.
debug: Resolve cce:/internal/x/cc-fu/spine from cce:/internal/x/cc as external dependency cce:/internal/x/cc-fu/spine.
debug: Resolve cce:/internal/x/cc-fu/dragon-bones from cce:/internal/x/cc as external dependency cce:/internal/x/cc-fu/dragon-bones.
debug: Resolve cce:/internal/x/cc-fu/custom-pipeline from cce:/internal/x/cc as external dependency cce:/internal/x/cc-fu/custom-pipeline.
debug: Inspect cce:/internal/x/prerequisite-imports
debug: Resolve file:///F:/Lap%20Trinh%20Game/simple-games/assets/lobby/scripts/LobbyManager.ts from cce:/internal/x/prerequisite-imports as file:///F:/Lap%20Trinh%20Game/simple-games/assets/lobby/scripts/LobbyManager.ts.
debug: Inspect file:///F:/Lap%20Trinh%20Game/simple-games/assets/lobby/scripts/LobbyManager.ts
debug: Resolve cc from file:///F:/Lap%20Trinh%20Game/simple-games/assets/lobby/scripts/LobbyManager.ts as cce:/internal/x/cc.
debug: Resolve cc from file:///F:/Lap%20Trinh%20Game/simple-games/assets/lobby/scripts/LobbyManager.ts as cce:/internal/x/cc.
debug: Resolve cc from file:///F:/Lap%20Trinh%20Game/simple-games/assets/lobby/scripts/LobbyManager.ts as cce:/internal/x/cc.
debug: Resolve file:///F:/Lap%20Trinh%20Game/simple-games/assets/lobby/scripts/TopBar.ts from cce:/internal/x/prerequisite-imports as file:///F:/Lap%20Trinh%20Game/simple-games/assets/lobby/scripts/TopBar.ts.
debug: Inspect file:///F:/Lap%20Trinh%20Game/simple-games/assets/lobby/scripts/TopBar.ts
debug: Resolve cc from file:///F:/Lap%20Trinh%20Game/simple-games/assets/lobby/scripts/TopBar.ts as cce:/internal/x/cc.
debug: Resolve cc from file:///F:/Lap%20Trinh%20Game/simple-games/assets/lobby/scripts/TopBar.ts as cce:/internal/x/cc.
debug: Resolve cc from file:///F:/Lap%20Trinh%20Game/simple-games/assets/lobby/scripts/TopBar.ts as cce:/internal/x/cc.
debug: Resolve file:///F:/Lap%20Trinh%20Game/simple-games/assets/simple-run/scripts/CameraFollow.ts from cce:/internal/x/prerequisite-imports as file:///F:/Lap%20Trinh%20Game/simple-games/assets/simple-run/scripts/CameraFollow.ts.
debug: Inspect file:///F:/Lap%20Trinh%20Game/simple-games/assets/simple-run/scripts/CameraFollow.ts
debug: Resolve cc from file:///F:/Lap%20Trinh%20Game/simple-games/assets/simple-run/scripts/CameraFollow.ts as cce:/internal/x/cc.
debug: Resolve cc from file:///F:/Lap%20Trinh%20Game/simple-games/assets/simple-run/scripts/CameraFollow.ts as cce:/internal/x/cc.
debug: Resolve cc from file:///F:/Lap%20Trinh%20Game/simple-games/assets/simple-run/scripts/CameraFollow.ts as cce:/internal/x/cc.
debug: Resolve file:///F:/Lap%20Trinh%20Game/simple-games/assets/simple-run/scripts/ColliderChecker.ts from cce:/internal/x/prerequisite-imports as file:///F:/Lap%20Trinh%20Game/simple-games/assets/simple-run/scripts/ColliderChecker.ts.
debug: Inspect file:///F:/Lap%20Trinh%20Game/simple-games/assets/simple-run/scripts/ColliderChecker.ts
debug: Resolve cce:/internal/code-quality/cr.mjs from file:///F:/Lap%20Trinh%20Game/simple-games/assets/simple-run/scripts/ColliderChecker.ts as cce:/internal/code-quality/cr.mjs.
debug: Inspect cce:/internal/code-quality/cr.mjs
debug: Resolve cc from file:///F:/Lap%20Trinh%20Game/simple-games/assets/simple-run/scripts/ColliderChecker.ts as cce:/internal/x/cc.
debug: Resolve cc from file:///F:/Lap%20Trinh%20Game/simple-games/assets/simple-run/scripts/ColliderChecker.ts as cce:/internal/x/cc.
debug: Resolve cc from file:///F:/Lap%20Trinh%20Game/simple-games/assets/simple-run/scripts/ColliderChecker.ts as cce:/internal/x/cc.
debug: Resolve ./PlayerController from file:///F:/Lap%20Trinh%20Game/simple-games/assets/simple-run/scripts/ColliderChecker.ts as file:///F:/Lap%20Trinh%20Game/simple-games/assets/simple-run/scripts/PlayerController.ts.
debug: Inspect file:///F:/Lap%20Trinh%20Game/simple-games/assets/simple-run/scripts/PlayerController.ts
debug: Resolve cce:/internal/code-quality/cr.mjs from file:///F:/Lap%20Trinh%20Game/simple-games/assets/simple-run/scripts/PlayerController.ts as cce:/internal/code-quality/cr.mjs.
debug: Resolve cc from file:///F:/Lap%20Trinh%20Game/simple-games/assets/simple-run/scripts/PlayerController.ts as cce:/internal/x/cc.
debug: Resolve cc from file:///F:/Lap%20Trinh%20Game/simple-games/assets/simple-run/scripts/PlayerController.ts as cce:/internal/x/cc.
debug: Resolve cc from file:///F:/Lap%20Trinh%20Game/simple-games/assets/simple-run/scripts/PlayerController.ts as cce:/internal/x/cc.
debug: Resolve ./GameDefines from file:///F:/Lap%20Trinh%20Game/simple-games/assets/simple-run/scripts/PlayerController.ts as file:///F:/Lap%20Trinh%20Game/simple-games/assets/simple-run/scripts/GameDefines.ts.
debug: Inspect file:///F:/Lap%20Trinh%20Game/simple-games/assets/simple-run/scripts/GameDefines.ts
debug: Resolve cc from file:///F:/Lap%20Trinh%20Game/simple-games/assets/simple-run/scripts/GameDefines.ts as cce:/internal/x/cc.
debug: Resolve file:///F:/Lap%20Trinh%20Game/simple-games/assets/simple-run/scripts/GameDefines.ts from cce:/internal/x/prerequisite-imports as file:///F:/Lap%20Trinh%20Game/simple-games/assets/simple-run/scripts/GameDefines.ts.
debug: Resolve file:///F:/Lap%20Trinh%20Game/simple-games/assets/simple-run/scripts/GameManager.ts from cce:/internal/x/prerequisite-imports as file:///F:/Lap%20Trinh%20Game/simple-games/assets/simple-run/scripts/GameManager.ts.
debug: Inspect file:///F:/Lap%20Trinh%20Game/simple-games/assets/simple-run/scripts/GameManager.ts
debug: Resolve cce:/internal/code-quality/cr.mjs from file:///F:/Lap%20Trinh%20Game/simple-games/assets/simple-run/scripts/GameManager.ts as cce:/internal/code-quality/cr.mjs.
debug: Resolve cc from file:///F:/Lap%20Trinh%20Game/simple-games/assets/simple-run/scripts/GameManager.ts as cce:/internal/x/cc.
debug: Resolve cc from file:///F:/Lap%20Trinh%20Game/simple-games/assets/simple-run/scripts/GameManager.ts as cce:/internal/x/cc.
debug: Resolve cc from file:///F:/Lap%20Trinh%20Game/simple-games/assets/simple-run/scripts/GameManager.ts as cce:/internal/x/cc.
debug: Resolve ./PlayerController from file:///F:/Lap%20Trinh%20Game/simple-games/assets/simple-run/scripts/GameManager.ts as file:///F:/Lap%20Trinh%20Game/simple-games/assets/simple-run/scripts/PlayerController.ts.
debug: Resolve ./GameDefines from file:///F:/Lap%20Trinh%20Game/simple-games/assets/simple-run/scripts/GameManager.ts as file:///F:/Lap%20Trinh%20Game/simple-games/assets/simple-run/scripts/GameDefines.ts.
debug: Resolve file:///F:/Lap%20Trinh%20Game/simple-games/assets/simple-run/scripts/PlayerController.ts from cce:/internal/x/prerequisite-imports as file:///F:/Lap%20Trinh%20Game/simple-games/assets/simple-run/scripts/PlayerController.ts.
debug: Resolve file:///F:/Lap%20Trinh%20Game/simple-games/assets/simple-shooting/scripts/AutoDestory.ts from cce:/internal/x/prerequisite-imports as file:///F:/Lap%20Trinh%20Game/simple-games/assets/simple-shooting/scripts/AutoDestory.ts.
debug: Inspect file:///F:/Lap%20Trinh%20Game/simple-games/assets/simple-shooting/scripts/AutoDestory.ts
debug: Resolve cc from file:///F:/Lap%20Trinh%20Game/simple-games/assets/simple-shooting/scripts/AutoDestory.ts as cce:/internal/x/cc.
debug: Resolve cc from file:///F:/Lap%20Trinh%20Game/simple-games/assets/simple-shooting/scripts/AutoDestory.ts as cce:/internal/x/cc.
debug: Resolve cc from file:///F:/Lap%20Trinh%20Game/simple-games/assets/simple-shooting/scripts/AutoDestory.ts as cce:/internal/x/cc.
debug: Resolve file:///F:/Lap%20Trinh%20Game/simple-games/assets/simple-shooting/scripts/Bullet.ts from cce:/internal/x/prerequisite-imports as file:///F:/Lap%20Trinh%20Game/simple-games/assets/simple-shooting/scripts/Bullet.ts.
debug: Inspect file:///F:/Lap%20Trinh%20Game/simple-games/assets/simple-shooting/scripts/Bullet.ts
debug: Resolve cc from file:///F:/Lap%20Trinh%20Game/simple-games/assets/simple-shooting/scripts/Bullet.ts as cce:/internal/x/cc.
debug: Resolve cc from file:///F:/Lap%20Trinh%20Game/simple-games/assets/simple-shooting/scripts/Bullet.ts as cce:/internal/x/cc.
debug: Resolve cc from file:///F:/Lap%20Trinh%20Game/simple-games/assets/simple-shooting/scripts/Bullet.ts as cce:/internal/x/cc.
debug: Resolve file:///F:/Lap%20Trinh%20Game/simple-games/assets/simple-shooting/scripts/GameDefines.ts from cce:/internal/x/prerequisite-imports as file:///F:/Lap%20Trinh%20Game/simple-games/assets/simple-shooting/scripts/GameDefines.ts.
debug: Inspect file:///F:/Lap%20Trinh%20Game/simple-games/assets/simple-shooting/scripts/GameDefines.ts
debug: Resolve cc from file:///F:/Lap%20Trinh%20Game/simple-games/assets/simple-shooting/scripts/GameDefines.ts as cce:/internal/x/cc.
debug: Resolve file:///F:/Lap%20Trinh%20Game/simple-games/assets/simple-shooting/scripts/Grenade.ts from cce:/internal/x/prerequisite-imports as file:///F:/Lap%20Trinh%20Game/simple-games/assets/simple-shooting/scripts/Grenade.ts.
debug: Inspect file:///F:/Lap%20Trinh%20Game/simple-games/assets/simple-shooting/scripts/Grenade.ts
debug: Resolve cce:/internal/code-quality/cr.mjs from file:///F:/Lap%20Trinh%20Game/simple-games/assets/simple-shooting/scripts/Grenade.ts as cce:/internal/code-quality/cr.mjs.
debug: Resolve cc from file:///F:/Lap%20Trinh%20Game/simple-games/assets/simple-shooting/scripts/Grenade.ts as cce:/internal/x/cc.
debug: Resolve cc from file:///F:/Lap%20Trinh%20Game/simple-games/assets/simple-shooting/scripts/Grenade.ts as cce:/internal/x/cc.
debug: Resolve cc from file:///F:/Lap%20Trinh%20Game/simple-games/assets/simple-shooting/scripts/Grenade.ts as cce:/internal/x/cc.
debug: Resolve ./Utils from file:///F:/Lap%20Trinh%20Game/simple-games/assets/simple-shooting/scripts/Grenade.ts as file:///F:/Lap%20Trinh%20Game/simple-games/assets/simple-shooting/scripts/Utils.ts.
debug: Inspect file:///F:/Lap%20Trinh%20Game/simple-games/assets/simple-shooting/scripts/Utils.ts
debug: Resolve cc from file:///F:/Lap%20Trinh%20Game/simple-games/assets/simple-shooting/scripts/Utils.ts as cce:/internal/x/cc.
debug: Resolve cc from file:///F:/Lap%20Trinh%20Game/simple-games/assets/simple-shooting/scripts/Utils.ts as cce:/internal/x/cc.
debug: Resolve file:///F:/Lap%20Trinh%20Game/simple-games/assets/simple-shooting/scripts/InputControl.ts from cce:/internal/x/prerequisite-imports as file:///F:/Lap%20Trinh%20Game/simple-games/assets/simple-shooting/scripts/InputControl.ts.
debug: Inspect file:///F:/Lap%20Trinh%20Game/simple-games/assets/simple-shooting/scripts/InputControl.ts
debug: Resolve cce:/internal/code-quality/cr.mjs from file:///F:/Lap%20Trinh%20Game/simple-games/assets/simple-shooting/scripts/InputControl.ts as cce:/internal/code-quality/cr.mjs.
debug: Resolve cc from file:///F:/Lap%20Trinh%20Game/simple-games/assets/simple-shooting/scripts/InputControl.ts as cce:/internal/x/cc.
debug: Resolve cc from file:///F:/Lap%20Trinh%20Game/simple-games/assets/simple-shooting/scripts/InputControl.ts as cce:/internal/x/cc.
debug: Resolve cc from file:///F:/Lap%20Trinh%20Game/simple-games/assets/simple-shooting/scripts/InputControl.ts as cce:/internal/x/cc.
debug: Resolve ./ShootingPlayerController from file:///F:/Lap%20Trinh%20Game/simple-games/assets/simple-shooting/scripts/InputControl.ts as file:///F:/Lap%20Trinh%20Game/simple-games/assets/simple-shooting/scripts/ShootingPlayerController.ts.
debug: Inspect file:///F:/Lap%20Trinh%20Game/simple-games/assets/simple-shooting/scripts/ShootingPlayerController.ts
debug: Resolve cce:/internal/code-quality/cr.mjs from file:///F:/Lap%20Trinh%20Game/simple-games/assets/simple-shooting/scripts/ShootingPlayerController.ts as cce:/internal/code-quality/cr.mjs.
debug: Resolve cc from file:///F:/Lap%20Trinh%20Game/simple-games/assets/simple-shooting/scripts/ShootingPlayerController.ts as cce:/internal/x/cc.
debug: Resolve cc from file:///F:/Lap%20Trinh%20Game/simple-games/assets/simple-shooting/scripts/ShootingPlayerController.ts as cce:/internal/x/cc.
debug: Resolve cc from file:///F:/Lap%20Trinh%20Game/simple-games/assets/simple-shooting/scripts/ShootingPlayerController.ts as cce:/internal/x/cc.
debug: Resolve ./Bullet from file:///F:/Lap%20Trinh%20Game/simple-games/assets/simple-shooting/scripts/ShootingPlayerController.ts as file:///F:/Lap%20Trinh%20Game/simple-games/assets/simple-shooting/scripts/Bullet.ts.
debug: Resolve ./GameDefines from file:///F:/Lap%20Trinh%20Game/simple-games/assets/simple-shooting/scripts/ShootingPlayerController.ts as file:///F:/Lap%20Trinh%20Game/simple-games/assets/simple-shooting/scripts/GameDefines.ts.
debug: Resolve ./Grenade from file:///F:/Lap%20Trinh%20Game/simple-games/assets/simple-shooting/scripts/ShootingPlayerController.ts as file:///F:/Lap%20Trinh%20Game/simple-games/assets/simple-shooting/scripts/Grenade.ts.
debug: Resolve ./GameDefines from file:///F:/Lap%20Trinh%20Game/simple-games/assets/simple-shooting/scripts/InputControl.ts as file:///F:/Lap%20Trinh%20Game/simple-games/assets/simple-shooting/scripts/GameDefines.ts.
debug: Resolve file:///F:/Lap%20Trinh%20Game/simple-games/assets/simple-shooting/scripts/PhysicsConfig.ts from cce:/internal/x/prerequisite-imports as file:///F:/Lap%20Trinh%20Game/simple-games/assets/simple-shooting/scripts/PhysicsConfig.ts.
debug: Inspect file:///F:/Lap%20Trinh%20Game/simple-games/assets/simple-shooting/scripts/PhysicsConfig.ts
debug: Resolve cc from file:///F:/Lap%20Trinh%20Game/simple-games/assets/simple-shooting/scripts/PhysicsConfig.ts as cce:/internal/x/cc.
debug: Resolve cc from file:///F:/Lap%20Trinh%20Game/simple-games/assets/simple-shooting/scripts/PhysicsConfig.ts as cce:/internal/x/cc.
debug: Resolve cc from file:///F:/Lap%20Trinh%20Game/simple-games/assets/simple-shooting/scripts/PhysicsConfig.ts as cce:/internal/x/cc.
debug: Resolve file:///F:/Lap%20Trinh%20Game/simple-games/assets/simple-shooting/scripts/ShootingGameManager.ts from cce:/internal/x/prerequisite-imports as file:///F:/Lap%20Trinh%20Game/simple-games/assets/simple-shooting/scripts/ShootingGameManager.ts.
debug: Inspect file:///F:/Lap%20Trinh%20Game/simple-games/assets/simple-shooting/scripts/ShootingGameManager.ts
debug: Resolve cc from file:///F:/Lap%20Trinh%20Game/simple-games/assets/simple-shooting/scripts/ShootingGameManager.ts as cce:/internal/x/cc.
debug: Resolve cc from file:///F:/Lap%20Trinh%20Game/simple-games/assets/simple-shooting/scripts/ShootingGameManager.ts as cce:/internal/x/cc.
debug: Resolve cc from file:///F:/Lap%20Trinh%20Game/simple-games/assets/simple-shooting/scripts/ShootingGameManager.ts as cce:/internal/x/cc.
debug: Resolve file:///F:/Lap%20Trinh%20Game/simple-games/assets/simple-shooting/scripts/ShootingPlayerController.ts from cce:/internal/x/prerequisite-imports as file:///F:/Lap%20Trinh%20Game/simple-games/assets/simple-shooting/scripts/ShootingPlayerController.ts.
debug: Resolve file:///F:/Lap%20Trinh%20Game/simple-games/assets/simple-shooting/scripts/Utils.ts from cce:/internal/x/prerequisite-imports as file:///F:/Lap%20Trinh%20Game/simple-games/assets/simple-shooting/scripts/Utils.ts.
debug: Target(editor) ends with cost 1928.1022999286652ms.
debug: Target(preview) build started.
debug: Inspect cce:/internal/x/cc
debug: Resolve cce:/internal/x/cc-fu/2d from cce:/internal/x/cc as external dependency cce:/internal/x/cc-fu/2d.
debug: Resolve cce:/internal/x/cc-fu/3d from cce:/internal/x/cc as external dependency cce:/internal/x/cc-fu/3d.
debug: Resolve cce:/internal/x/cc-fu/animation from cce:/internal/x/cc as external dependency cce:/internal/x/cc-fu/animation.
debug: Resolve cce:/internal/x/cc-fu/audio from cce:/internal/x/cc as external dependency cce:/internal/x/cc-fu/audio.
debug: Resolve cce:/internal/x/cc-fu/base from cce:/internal/x/cc as external dependency cce:/internal/x/cc-fu/base.
debug: Resolve cce:/internal/x/cc-fu/dragon-bones from cce:/internal/x/cc as external dependency cce:/internal/x/cc-fu/dragon-bones.
debug: Resolve cce:/internal/x/cc-fu/gfx-webgl from cce:/internal/x/cc as external dependency cce:/internal/x/cc-fu/gfx-webgl.
debug: Resolve cce:/internal/x/cc-fu/gfx-webgl2 from cce:/internal/x/cc as external dependency cce:/internal/x/cc-fu/gfx-webgl2.
debug: Resolve cce:/internal/x/cc-fu/intersection-2d from cce:/internal/x/cc as external dependency cce:/internal/x/cc-fu/intersection-2d.
debug: Resolve cce:/internal/x/cc-fu/particle from cce:/internal/x/cc as external dependency cce:/internal/x/cc-fu/particle.
debug: Resolve cce:/internal/x/cc-fu/particle-2d from cce:/internal/x/cc as external dependency cce:/internal/x/cc-fu/particle-2d.
debug: Resolve cce:/internal/x/cc-fu/physics-2d-box2d from cce:/internal/x/cc as external dependency cce:/internal/x/cc-fu/physics-2d-box2d.
debug: Resolve cce:/internal/x/cc-fu/physics-2d-framework from cce:/internal/x/cc as external dependency cce:/internal/x/cc-fu/physics-2d-framework.
debug: Resolve cce:/internal/x/cc-fu/physics-ammo from cce:/internal/x/cc as external dependency cce:/internal/x/cc-fu/physics-ammo.
debug: Resolve cce:/internal/x/cc-fu/physics-framework from cce:/internal/x/cc as external dependency cce:/internal/x/cc-fu/physics-framework.
debug: Resolve cce:/internal/x/cc-fu/wait-for-ammo-instantiation from cce:/internal/x/cc as external dependency cce:/internal/x/cc-fu/wait-for-ammo-instantiation.
debug: Resolve cce:/internal/x/cc-fu/primitive from cce:/internal/x/cc as external dependency cce:/internal/x/cc-fu/primitive.
debug: Resolve cce:/internal/x/cc-fu/profiler from cce:/internal/x/cc as external dependency cce:/internal/x/cc-fu/profiler.
debug: Resolve cce:/internal/x/cc-fu/skeletal-animation from cce:/internal/x/cc as external dependency cce:/internal/x/cc-fu/skeletal-animation.
debug: Resolve cce:/internal/x/cc-fu/spine from cce:/internal/x/cc as external dependency cce:/internal/x/cc-fu/spine.
debug: Resolve cce:/internal/x/cc-fu/terrain from cce:/internal/x/cc as external dependency cce:/internal/x/cc-fu/terrain.
debug: Resolve cce:/internal/x/cc-fu/tiled-map from cce:/internal/x/cc as external dependency cce:/internal/x/cc-fu/tiled-map.
debug: Resolve cce:/internal/x/cc-fu/tween from cce:/internal/x/cc as external dependency cce:/internal/x/cc-fu/tween.
debug: Resolve cce:/internal/x/cc-fu/ui from cce:/internal/x/cc as external dependency cce:/internal/x/cc-fu/ui.
debug: Resolve cce:/internal/x/cc-fu/video from cce:/internal/x/cc as external dependency cce:/internal/x/cc-fu/video.
debug: Resolve cce:/internal/x/cc-fu/webview from cce:/internal/x/cc as external dependency cce:/internal/x/cc-fu/webview.
debug: Resolve cce:/internal/x/cc-fu/xr from cce:/internal/x/cc as external dependency cce:/internal/x/cc-fu/xr.
debug: Inspect cce:/internal/x/prerequisite-imports
debug: Resolve file:///F:/Lap%20Trinh%20Game/simple-games/assets/lobby/scripts/LobbyManager.ts from cce:/internal/x/prerequisite-imports as file:///F:/Lap%20Trinh%20Game/simple-games/assets/lobby/scripts/LobbyManager.ts.
debug: Inspect file:///F:/Lap%20Trinh%20Game/simple-games/assets/lobby/scripts/LobbyManager.ts
debug: Resolve cc from file:///F:/Lap%20Trinh%20Game/simple-games/assets/lobby/scripts/LobbyManager.ts as cce:/internal/x/cc.
debug: Resolve cc from file:///F:/Lap%20Trinh%20Game/simple-games/assets/lobby/scripts/LobbyManager.ts as cce:/internal/x/cc.
debug: Resolve cc from file:///F:/Lap%20Trinh%20Game/simple-games/assets/lobby/scripts/LobbyManager.ts as cce:/internal/x/cc.
debug: Resolve file:///F:/Lap%20Trinh%20Game/simple-games/assets/lobby/scripts/TopBar.ts from cce:/internal/x/prerequisite-imports as file:///F:/Lap%20Trinh%20Game/simple-games/assets/lobby/scripts/TopBar.ts.
debug: Inspect file:///F:/Lap%20Trinh%20Game/simple-games/assets/lobby/scripts/TopBar.ts
debug: Resolve cc from file:///F:/Lap%20Trinh%20Game/simple-games/assets/lobby/scripts/TopBar.ts as cce:/internal/x/cc.
debug: Resolve cc from file:///F:/Lap%20Trinh%20Game/simple-games/assets/lobby/scripts/TopBar.ts as cce:/internal/x/cc.
debug: Resolve cc from file:///F:/Lap%20Trinh%20Game/simple-games/assets/lobby/scripts/TopBar.ts as cce:/internal/x/cc.
debug: Resolve file:///F:/Lap%20Trinh%20Game/simple-games/assets/simple-run/scripts/CameraFollow.ts from cce:/internal/x/prerequisite-imports as file:///F:/Lap%20Trinh%20Game/simple-games/assets/simple-run/scripts/CameraFollow.ts.
debug: Inspect file:///F:/Lap%20Trinh%20Game/simple-games/assets/simple-run/scripts/CameraFollow.ts
debug: Resolve cc from file:///F:/Lap%20Trinh%20Game/simple-games/assets/simple-run/scripts/CameraFollow.ts as cce:/internal/x/cc.
debug: Resolve cc from file:///F:/Lap%20Trinh%20Game/simple-games/assets/simple-run/scripts/CameraFollow.ts as cce:/internal/x/cc.
debug: Resolve cc from file:///F:/Lap%20Trinh%20Game/simple-games/assets/simple-run/scripts/CameraFollow.ts as cce:/internal/x/cc.
debug: Resolve file:///F:/Lap%20Trinh%20Game/simple-games/assets/simple-run/scripts/ColliderChecker.ts from cce:/internal/x/prerequisite-imports as file:///F:/Lap%20Trinh%20Game/simple-games/assets/simple-run/scripts/ColliderChecker.ts.
debug: Inspect file:///F:/Lap%20Trinh%20Game/simple-games/assets/simple-run/scripts/ColliderChecker.ts
debug: Resolve cce:/internal/code-quality/cr.mjs from file:///F:/Lap%20Trinh%20Game/simple-games/assets/simple-run/scripts/ColliderChecker.ts as cce:/internal/code-quality/cr.mjs.
debug: Inspect cce:/internal/code-quality/cr.mjs
debug: Resolve cc from file:///F:/Lap%20Trinh%20Game/simple-games/assets/simple-run/scripts/ColliderChecker.ts as cce:/internal/x/cc.
debug: Resolve cc from file:///F:/Lap%20Trinh%20Game/simple-games/assets/simple-run/scripts/ColliderChecker.ts as cce:/internal/x/cc.
debug: Resolve cc from file:///F:/Lap%20Trinh%20Game/simple-games/assets/simple-run/scripts/ColliderChecker.ts as cce:/internal/x/cc.
debug: Resolve ./PlayerController from file:///F:/Lap%20Trinh%20Game/simple-games/assets/simple-run/scripts/ColliderChecker.ts as file:///F:/Lap%20Trinh%20Game/simple-games/assets/simple-run/scripts/PlayerController.ts.
debug: Inspect file:///F:/Lap%20Trinh%20Game/simple-games/assets/simple-run/scripts/PlayerController.ts
debug: Resolve cce:/internal/code-quality/cr.mjs from file:///F:/Lap%20Trinh%20Game/simple-games/assets/simple-run/scripts/PlayerController.ts as cce:/internal/code-quality/cr.mjs.
debug: Resolve cc from file:///F:/Lap%20Trinh%20Game/simple-games/assets/simple-run/scripts/PlayerController.ts as cce:/internal/x/cc.
debug: Resolve cc from file:///F:/Lap%20Trinh%20Game/simple-games/assets/simple-run/scripts/PlayerController.ts as cce:/internal/x/cc.
debug: Resolve cc from file:///F:/Lap%20Trinh%20Game/simple-games/assets/simple-run/scripts/PlayerController.ts as cce:/internal/x/cc.
debug: Resolve ./GameDefines from file:///F:/Lap%20Trinh%20Game/simple-games/assets/simple-run/scripts/PlayerController.ts as file:///F:/Lap%20Trinh%20Game/simple-games/assets/simple-run/scripts/GameDefines.ts.
debug: Inspect file:///F:/Lap%20Trinh%20Game/simple-games/assets/simple-run/scripts/GameDefines.ts
debug: Resolve cc from file:///F:/Lap%20Trinh%20Game/simple-games/assets/simple-run/scripts/GameDefines.ts as cce:/internal/x/cc.
debug: Resolve file:///F:/Lap%20Trinh%20Game/simple-games/assets/simple-run/scripts/GameDefines.ts from cce:/internal/x/prerequisite-imports as file:///F:/Lap%20Trinh%20Game/simple-games/assets/simple-run/scripts/GameDefines.ts.
debug: Resolve file:///F:/Lap%20Trinh%20Game/simple-games/assets/simple-run/scripts/GameManager.ts from cce:/internal/x/prerequisite-imports as file:///F:/Lap%20Trinh%20Game/simple-games/assets/simple-run/scripts/GameManager.ts.
debug: Inspect file:///F:/Lap%20Trinh%20Game/simple-games/assets/simple-run/scripts/GameManager.ts
debug: Resolve cce:/internal/code-quality/cr.mjs from file:///F:/Lap%20Trinh%20Game/simple-games/assets/simple-run/scripts/GameManager.ts as cce:/internal/code-quality/cr.mjs.
debug: Resolve cc from file:///F:/Lap%20Trinh%20Game/simple-games/assets/simple-run/scripts/GameManager.ts as cce:/internal/x/cc.
debug: Resolve cc from file:///F:/Lap%20Trinh%20Game/simple-games/assets/simple-run/scripts/GameManager.ts as cce:/internal/x/cc.
debug: Resolve cc from file:///F:/Lap%20Trinh%20Game/simple-games/assets/simple-run/scripts/GameManager.ts as cce:/internal/x/cc.
debug: Resolve ./PlayerController from file:///F:/Lap%20Trinh%20Game/simple-games/assets/simple-run/scripts/GameManager.ts as file:///F:/Lap%20Trinh%20Game/simple-games/assets/simple-run/scripts/PlayerController.ts.
debug: Resolve ./GameDefines from file:///F:/Lap%20Trinh%20Game/simple-games/assets/simple-run/scripts/GameManager.ts as file:///F:/Lap%20Trinh%20Game/simple-games/assets/simple-run/scripts/GameDefines.ts.
debug: Resolve file:///F:/Lap%20Trinh%20Game/simple-games/assets/simple-run/scripts/PlayerController.ts from cce:/internal/x/prerequisite-imports as file:///F:/Lap%20Trinh%20Game/simple-games/assets/simple-run/scripts/PlayerController.ts.
debug: Resolve file:///F:/Lap%20Trinh%20Game/simple-games/assets/simple-shooting/scripts/AutoDestory.ts from cce:/internal/x/prerequisite-imports as file:///F:/Lap%20Trinh%20Game/simple-games/assets/simple-shooting/scripts/AutoDestory.ts.
debug: Inspect file:///F:/Lap%20Trinh%20Game/simple-games/assets/simple-shooting/scripts/AutoDestory.ts
debug: Resolve cc from file:///F:/Lap%20Trinh%20Game/simple-games/assets/simple-shooting/scripts/AutoDestory.ts as cce:/internal/x/cc.
debug: Resolve cc from file:///F:/Lap%20Trinh%20Game/simple-games/assets/simple-shooting/scripts/AutoDestory.ts as cce:/internal/x/cc.
debug: Resolve cc from file:///F:/Lap%20Trinh%20Game/simple-games/assets/simple-shooting/scripts/AutoDestory.ts as cce:/internal/x/cc.
debug: Resolve file:///F:/Lap%20Trinh%20Game/simple-games/assets/simple-shooting/scripts/Bullet.ts from cce:/internal/x/prerequisite-imports as file:///F:/Lap%20Trinh%20Game/simple-games/assets/simple-shooting/scripts/Bullet.ts.
debug: Inspect file:///F:/Lap%20Trinh%20Game/simple-games/assets/simple-shooting/scripts/Bullet.ts
debug: Resolve cc from file:///F:/Lap%20Trinh%20Game/simple-games/assets/simple-shooting/scripts/Bullet.ts as cce:/internal/x/cc.
debug: Resolve cc from file:///F:/Lap%20Trinh%20Game/simple-games/assets/simple-shooting/scripts/Bullet.ts as cce:/internal/x/cc.
debug: Resolve cc from file:///F:/Lap%20Trinh%20Game/simple-games/assets/simple-shooting/scripts/Bullet.ts as cce:/internal/x/cc.
debug: Resolve file:///F:/Lap%20Trinh%20Game/simple-games/assets/simple-shooting/scripts/GameDefines.ts from cce:/internal/x/prerequisite-imports as file:///F:/Lap%20Trinh%20Game/simple-games/assets/simple-shooting/scripts/GameDefines.ts.
debug: Inspect file:///F:/Lap%20Trinh%20Game/simple-games/assets/simple-shooting/scripts/GameDefines.ts
debug: Resolve cc from file:///F:/Lap%20Trinh%20Game/simple-games/assets/simple-shooting/scripts/GameDefines.ts as cce:/internal/x/cc.
debug: Resolve file:///F:/Lap%20Trinh%20Game/simple-games/assets/simple-shooting/scripts/Grenade.ts from cce:/internal/x/prerequisite-imports as file:///F:/Lap%20Trinh%20Game/simple-games/assets/simple-shooting/scripts/Grenade.ts.
debug: Inspect file:///F:/Lap%20Trinh%20Game/simple-games/assets/simple-shooting/scripts/Grenade.ts
debug: Resolve cce:/internal/code-quality/cr.mjs from file:///F:/Lap%20Trinh%20Game/simple-games/assets/simple-shooting/scripts/Grenade.ts as cce:/internal/code-quality/cr.mjs.
debug: Resolve cc from file:///F:/Lap%20Trinh%20Game/simple-games/assets/simple-shooting/scripts/Grenade.ts as cce:/internal/x/cc.
debug: Resolve cc from file:///F:/Lap%20Trinh%20Game/simple-games/assets/simple-shooting/scripts/Grenade.ts as cce:/internal/x/cc.
debug: Resolve cc from file:///F:/Lap%20Trinh%20Game/simple-games/assets/simple-shooting/scripts/Grenade.ts as cce:/internal/x/cc.
debug: Resolve ./Utils from file:///F:/Lap%20Trinh%20Game/simple-games/assets/simple-shooting/scripts/Grenade.ts as file:///F:/Lap%20Trinh%20Game/simple-games/assets/simple-shooting/scripts/Utils.ts.
debug: Inspect file:///F:/Lap%20Trinh%20Game/simple-games/assets/simple-shooting/scripts/Utils.ts
debug: Resolve cc from file:///F:/Lap%20Trinh%20Game/simple-games/assets/simple-shooting/scripts/Utils.ts as cce:/internal/x/cc.
debug: Resolve cc from file:///F:/Lap%20Trinh%20Game/simple-games/assets/simple-shooting/scripts/Utils.ts as cce:/internal/x/cc.
debug: Resolve file:///F:/Lap%20Trinh%20Game/simple-games/assets/simple-shooting/scripts/InputControl.ts from cce:/internal/x/prerequisite-imports as file:///F:/Lap%20Trinh%20Game/simple-games/assets/simple-shooting/scripts/InputControl.ts.
debug: Inspect file:///F:/Lap%20Trinh%20Game/simple-games/assets/simple-shooting/scripts/InputControl.ts
debug: Resolve cce:/internal/code-quality/cr.mjs from file:///F:/Lap%20Trinh%20Game/simple-games/assets/simple-shooting/scripts/InputControl.ts as cce:/internal/code-quality/cr.mjs.
debug: Resolve cc from file:///F:/Lap%20Trinh%20Game/simple-games/assets/simple-shooting/scripts/InputControl.ts as cce:/internal/x/cc.
debug: Resolve cc from file:///F:/Lap%20Trinh%20Game/simple-games/assets/simple-shooting/scripts/InputControl.ts as cce:/internal/x/cc.
debug: Resolve cc from file:///F:/Lap%20Trinh%20Game/simple-games/assets/simple-shooting/scripts/InputControl.ts as cce:/internal/x/cc.
debug: Resolve ./ShootingPlayerController from file:///F:/Lap%20Trinh%20Game/simple-games/assets/simple-shooting/scripts/InputControl.ts as file:///F:/Lap%20Trinh%20Game/simple-games/assets/simple-shooting/scripts/ShootingPlayerController.ts.
debug: Inspect file:///F:/Lap%20Trinh%20Game/simple-games/assets/simple-shooting/scripts/ShootingPlayerController.ts
debug: Resolve cce:/internal/code-quality/cr.mjs from file:///F:/Lap%20Trinh%20Game/simple-games/assets/simple-shooting/scripts/ShootingPlayerController.ts as cce:/internal/code-quality/cr.mjs.
debug: Resolve cc from file:///F:/Lap%20Trinh%20Game/simple-games/assets/simple-shooting/scripts/ShootingPlayerController.ts as cce:/internal/x/cc.
debug: Resolve cc from file:///F:/Lap%20Trinh%20Game/simple-games/assets/simple-shooting/scripts/ShootingPlayerController.ts as cce:/internal/x/cc.
debug: Resolve cc from file:///F:/Lap%20Trinh%20Game/simple-games/assets/simple-shooting/scripts/ShootingPlayerController.ts as cce:/internal/x/cc.
debug: Resolve ./Bullet from file:///F:/Lap%20Trinh%20Game/simple-games/assets/simple-shooting/scripts/ShootingPlayerController.ts as file:///F:/Lap%20Trinh%20Game/simple-games/assets/simple-shooting/scripts/Bullet.ts.
debug: Resolve ./GameDefines from file:///F:/Lap%20Trinh%20Game/simple-games/assets/simple-shooting/scripts/ShootingPlayerController.ts as file:///F:/Lap%20Trinh%20Game/simple-games/assets/simple-shooting/scripts/GameDefines.ts.
debug: Resolve ./Grenade from file:///F:/Lap%20Trinh%20Game/simple-games/assets/simple-shooting/scripts/ShootingPlayerController.ts as file:///F:/Lap%20Trinh%20Game/simple-games/assets/simple-shooting/scripts/Grenade.ts.
debug: Resolve ./GameDefines from file:///F:/Lap%20Trinh%20Game/simple-games/assets/simple-shooting/scripts/InputControl.ts as file:///F:/Lap%20Trinh%20Game/simple-games/assets/simple-shooting/scripts/GameDefines.ts.
debug: Resolve file:///F:/Lap%20Trinh%20Game/simple-games/assets/simple-shooting/scripts/PhysicsConfig.ts from cce:/internal/x/prerequisite-imports as file:///F:/Lap%20Trinh%20Game/simple-games/assets/simple-shooting/scripts/PhysicsConfig.ts.
debug: Inspect file:///F:/Lap%20Trinh%20Game/simple-games/assets/simple-shooting/scripts/PhysicsConfig.ts
debug: Resolve cc from file:///F:/Lap%20Trinh%20Game/simple-games/assets/simple-shooting/scripts/PhysicsConfig.ts as cce:/internal/x/cc.
debug: Resolve cc from file:///F:/Lap%20Trinh%20Game/simple-games/assets/simple-shooting/scripts/PhysicsConfig.ts as cce:/internal/x/cc.
debug: Resolve cc from file:///F:/Lap%20Trinh%20Game/simple-games/assets/simple-shooting/scripts/PhysicsConfig.ts as cce:/internal/x/cc.
debug: Resolve file:///F:/Lap%20Trinh%20Game/simple-games/assets/simple-shooting/scripts/ShootingGameManager.ts from cce:/internal/x/prerequisite-imports as file:///F:/Lap%20Trinh%20Game/simple-games/assets/simple-shooting/scripts/ShootingGameManager.ts.
debug: Inspect file:///F:/Lap%20Trinh%20Game/simple-games/assets/simple-shooting/scripts/ShootingGameManager.ts
debug: Resolve cc from file:///F:/Lap%20Trinh%20Game/simple-games/assets/simple-shooting/scripts/ShootingGameManager.ts as cce:/internal/x/cc.
debug: Resolve cc from file:///F:/Lap%20Trinh%20Game/simple-games/assets/simple-shooting/scripts/ShootingGameManager.ts as cce:/internal/x/cc.
debug: Resolve cc from file:///F:/Lap%20Trinh%20Game/simple-games/assets/simple-shooting/scripts/ShootingGameManager.ts as cce:/internal/x/cc.
debug: Resolve file:///F:/Lap%20Trinh%20Game/simple-games/assets/simple-shooting/scripts/ShootingPlayerController.ts from cce:/internal/x/prerequisite-imports as file:///F:/Lap%20Trinh%20Game/simple-games/assets/simple-shooting/scripts/ShootingPlayerController.ts.
debug: Resolve file:///F:/Lap%20Trinh%20Game/simple-games/assets/simple-shooting/scripts/Utils.ts from cce:/internal/x/prerequisite-imports as file:///F:/Lap%20Trinh%20Game/simple-games/assets/simple-shooting/scripts/Utils.ts.
debug: Target(preview) ends with cost 2154.8866000175476ms.
debug: Pulling asset-db.
debug: Fetch asset-db cost: 32.188299894332886ms.
debug: Build iteration starts.
Number of accumulated asset changes: 17
Feature changed: false
debug: Target(editor) build started.
debug: Detected change: cce:/internal/x/prerequisite-imports. Last mtime: Thu Jan 01 1970 07:00:14 GMT+0700 (Indochina Time), Current mtime: Thu Jan 01 1970 07:00:31 GMT+0700 (Indochina Time)
debug: Inspect cce:/internal/x/prerequisite-imports
debug: Resolve file:///F:/Lap%20Trinh%20Game/simple-games/assets/lobby/scripts/LobbyManager.ts from cce:/internal/x/prerequisite-imports as file:///F:/Lap%20Trinh%20Game/simple-games/assets/lobby/scripts/LobbyManager.ts.
debug: Resolve file:///F:/Lap%20Trinh%20Game/simple-games/assets/lobby/scripts/TopBar.ts from cce:/internal/x/prerequisite-imports as file:///F:/Lap%20Trinh%20Game/simple-games/assets/lobby/scripts/TopBar.ts.
debug: Resolve file:///F:/Lap%20Trinh%20Game/simple-games/assets/migrate-canvas.ts from cce:/internal/x/prerequisite-imports as file:///F:/Lap%20Trinh%20Game/simple-games/assets/migrate-canvas.ts.
debug: Inspect file:///F:/Lap%20Trinh%20Game/simple-games/assets/migrate-canvas.ts
debug: Resolve cc from file:///F:/Lap%20Trinh%20Game/simple-games/assets/migrate-canvas.ts as cce:/internal/x/cc.
debug: Resolve cc from file:///F:/Lap%20Trinh%20Game/simple-games/assets/migrate-canvas.ts as cce:/internal/x/cc.
debug: Resolve cc from file:///F:/Lap%20Trinh%20Game/simple-games/assets/migrate-canvas.ts as cce:/internal/x/cc.
debug: Resolve cc/env from file:///F:/Lap%20Trinh%20Game/simple-games/assets/migrate-canvas.ts as external dependency cc/env.
debug: Resolve file:///F:/Lap%20Trinh%20Game/simple-games/assets/simple-run/scripts/CameraFollow.ts from cce:/internal/x/prerequisite-imports as file:///F:/Lap%20Trinh%20Game/simple-games/assets/simple-run/scripts/CameraFollow.ts.
debug: Resolve file:///F:/Lap%20Trinh%20Game/simple-games/assets/simple-run/scripts/ColliderChecker.ts from cce:/internal/x/prerequisite-imports as file:///F:/Lap%20Trinh%20Game/simple-games/assets/simple-run/scripts/ColliderChecker.ts.
debug: Resolve file:///F:/Lap%20Trinh%20Game/simple-games/assets/simple-run/scripts/GameDefines.ts from cce:/internal/x/prerequisite-imports as file:///F:/Lap%20Trinh%20Game/simple-games/assets/simple-run/scripts/GameDefines.ts.
debug: Resolve file:///F:/Lap%20Trinh%20Game/simple-games/assets/simple-run/scripts/GameManager.ts from cce:/internal/x/prerequisite-imports as file:///F:/Lap%20Trinh%20Game/simple-games/assets/simple-run/scripts/GameManager.ts.
debug: Resolve file:///F:/Lap%20Trinh%20Game/simple-games/assets/simple-run/scripts/PlayerController.ts from cce:/internal/x/prerequisite-imports as file:///F:/Lap%20Trinh%20Game/simple-games/assets/simple-run/scripts/PlayerController.ts.
debug: Resolve file:///F:/Lap%20Trinh%20Game/simple-games/assets/simple-shooting/scripts/AutoDestory.ts from cce:/internal/x/prerequisite-imports as file:///F:/Lap%20Trinh%20Game/simple-games/assets/simple-shooting/scripts/AutoDestory.ts.
debug: Resolve file:///F:/Lap%20Trinh%20Game/simple-games/assets/simple-shooting/scripts/Bullet.ts from cce:/internal/x/prerequisite-imports as file:///F:/Lap%20Trinh%20Game/simple-games/assets/simple-shooting/scripts/Bullet.ts.
debug: Resolve file:///F:/Lap%20Trinh%20Game/simple-games/assets/simple-shooting/scripts/GameDefines.ts from cce:/internal/x/prerequisite-imports as file:///F:/Lap%20Trinh%20Game/simple-games/assets/simple-shooting/scripts/GameDefines.ts.
debug: Resolve file:///F:/Lap%20Trinh%20Game/simple-games/assets/simple-shooting/scripts/Grenade.ts from cce:/internal/x/prerequisite-imports as file:///F:/Lap%20Trinh%20Game/simple-games/assets/simple-shooting/scripts/Grenade.ts.
debug: Resolve file:///F:/Lap%20Trinh%20Game/simple-games/assets/simple-shooting/scripts/InputControl.ts from cce:/internal/x/prerequisite-imports as file:///F:/Lap%20Trinh%20Game/simple-games/assets/simple-shooting/scripts/InputControl.ts.
debug: Resolve file:///F:/Lap%20Trinh%20Game/simple-games/assets/simple-shooting/scripts/PhysicsConfig.ts from cce:/internal/x/prerequisite-imports as file:///F:/Lap%20Trinh%20Game/simple-games/assets/simple-shooting/scripts/PhysicsConfig.ts.
debug: Resolve file:///F:/Lap%20Trinh%20Game/simple-games/assets/simple-shooting/scripts/ShootingGameManager.ts from cce:/internal/x/prerequisite-imports as file:///F:/Lap%20Trinh%20Game/simple-games/assets/simple-shooting/scripts/ShootingGameManager.ts.
debug: Resolve file:///F:/Lap%20Trinh%20Game/simple-games/assets/simple-shooting/scripts/ShootingPlayerController.ts from cce:/internal/x/prerequisite-imports as file:///F:/Lap%20Trinh%20Game/simple-games/assets/simple-shooting/scripts/ShootingPlayerController.ts.
debug: Resolve file:///F:/Lap%20Trinh%20Game/simple-games/assets/simple-shooting/scripts/Utils.ts from cce:/internal/x/prerequisite-imports as file:///F:/Lap%20Trinh%20Game/simple-games/assets/simple-shooting/scripts/Utils.ts.
debug: Target(editor) ends with cost 200.62339997291565ms.
debug: Target(preview) build started.
debug: Detected change: cce:/internal/x/prerequisite-imports. Last mtime: Thu Jan 01 1970 07:00:16 GMT+0700 (Indochina Time), Current mtime: Thu Jan 01 1970 07:00:31 GMT+0700 (Indochina Time)
debug: Inspect cce:/internal/x/prerequisite-imports
debug: Resolve file:///F:/Lap%20Trinh%20Game/simple-games/assets/lobby/scripts/LobbyManager.ts from cce:/internal/x/prerequisite-imports as file:///F:/Lap%20Trinh%20Game/simple-games/assets/lobby/scripts/LobbyManager.ts.
debug: Resolve file:///F:/Lap%20Trinh%20Game/simple-games/assets/lobby/scripts/TopBar.ts from cce:/internal/x/prerequisite-imports as file:///F:/Lap%20Trinh%20Game/simple-games/assets/lobby/scripts/TopBar.ts.
debug: Resolve file:///F:/Lap%20Trinh%20Game/simple-games/assets/migrate-canvas.ts from cce:/internal/x/prerequisite-imports as file:///F:/Lap%20Trinh%20Game/simple-games/assets/migrate-canvas.ts.
debug: Inspect file:///F:/Lap%20Trinh%20Game/simple-games/assets/migrate-canvas.ts
debug: Resolve cc from file:///F:/Lap%20Trinh%20Game/simple-games/assets/migrate-canvas.ts as cce:/internal/x/cc.
debug: Resolve cc from file:///F:/Lap%20Trinh%20Game/simple-games/assets/migrate-canvas.ts as cce:/internal/x/cc.
debug: Resolve cc from file:///F:/Lap%20Trinh%20Game/simple-games/assets/migrate-canvas.ts as cce:/internal/x/cc.
debug: Resolve cc/env from file:///F:/Lap%20Trinh%20Game/simple-games/assets/migrate-canvas.ts as external dependency cc/env.
debug: Resolve file:///F:/Lap%20Trinh%20Game/simple-games/assets/simple-run/scripts/CameraFollow.ts from cce:/internal/x/prerequisite-imports as file:///F:/Lap%20Trinh%20Game/simple-games/assets/simple-run/scripts/CameraFollow.ts.
debug: Resolve file:///F:/Lap%20Trinh%20Game/simple-games/assets/simple-run/scripts/ColliderChecker.ts from cce:/internal/x/prerequisite-imports as file:///F:/Lap%20Trinh%20Game/simple-games/assets/simple-run/scripts/ColliderChecker.ts.
debug: Resolve file:///F:/Lap%20Trinh%20Game/simple-games/assets/simple-run/scripts/GameDefines.ts from cce:/internal/x/prerequisite-imports as file:///F:/Lap%20Trinh%20Game/simple-games/assets/simple-run/scripts/GameDefines.ts.
debug: Resolve file:///F:/Lap%20Trinh%20Game/simple-games/assets/simple-run/scripts/GameManager.ts from cce:/internal/x/prerequisite-imports as file:///F:/Lap%20Trinh%20Game/simple-games/assets/simple-run/scripts/GameManager.ts.
debug: Resolve file:///F:/Lap%20Trinh%20Game/simple-games/assets/simple-run/scripts/PlayerController.ts from cce:/internal/x/prerequisite-imports as file:///F:/Lap%20Trinh%20Game/simple-games/assets/simple-run/scripts/PlayerController.ts.
debug: Resolve file:///F:/Lap%20Trinh%20Game/simple-games/assets/simple-shooting/scripts/AutoDestory.ts from cce:/internal/x/prerequisite-imports as file:///F:/Lap%20Trinh%20Game/simple-games/assets/simple-shooting/scripts/AutoDestory.ts.
debug: Resolve file:///F:/Lap%20Trinh%20Game/simple-games/assets/simple-shooting/scripts/Bullet.ts from cce:/internal/x/prerequisite-imports as file:///F:/Lap%20Trinh%20Game/simple-games/assets/simple-shooting/scripts/Bullet.ts.
debug: Resolve file:///F:/Lap%20Trinh%20Game/simple-games/assets/simple-shooting/scripts/GameDefines.ts from cce:/internal/x/prerequisite-imports as file:///F:/Lap%20Trinh%20Game/simple-games/assets/simple-shooting/scripts/GameDefines.ts.
debug: Resolve file:///F:/Lap%20Trinh%20Game/simple-games/assets/simple-shooting/scripts/Grenade.ts from cce:/internal/x/prerequisite-imports as file:///F:/Lap%20Trinh%20Game/simple-games/assets/simple-shooting/scripts/Grenade.ts.
debug: Resolve file:///F:/Lap%20Trinh%20Game/simple-games/assets/simple-shooting/scripts/InputControl.ts from cce:/internal/x/prerequisite-imports as file:///F:/Lap%20Trinh%20Game/simple-games/assets/simple-shooting/scripts/InputControl.ts.
debug: Resolve file:///F:/Lap%20Trinh%20Game/simple-games/assets/simple-shooting/scripts/PhysicsConfig.ts from cce:/internal/x/prerequisite-imports as file:///F:/Lap%20Trinh%20Game/simple-games/assets/simple-shooting/scripts/PhysicsConfig.ts.
debug: Resolve file:///F:/Lap%20Trinh%20Game/simple-games/assets/simple-shooting/scripts/ShootingGameManager.ts from cce:/internal/x/prerequisite-imports as file:///F:/Lap%20Trinh%20Game/simple-games/assets/simple-shooting/scripts/ShootingGameManager.ts.
debug: Resolve file:///F:/Lap%20Trinh%20Game/simple-games/assets/simple-shooting/scripts/ShootingPlayerController.ts from cce:/internal/x/prerequisite-imports as file:///F:/Lap%20Trinh%20Game/simple-games/assets/simple-shooting/scripts/ShootingPlayerController.ts.
debug: Resolve file:///F:/Lap%20Trinh%20Game/simple-games/assets/simple-shooting/scripts/Utils.ts from cce:/internal/x/prerequisite-imports as file:///F:/Lap%20Trinh%20Game/simple-games/assets/simple-shooting/scripts/Utils.ts.
debug: Target(preview) ends with cost 137.69609999656677ms.
debug: Dispatch build request for time accumulated 1 asset changes.
debug: Build iteration starts.
Number of accumulated asset changes: 1
Feature changed: false
debug: Target(editor) build started.
debug: Detected change: cce:/internal/x/prerequisite-imports. Last mtime: Thu Jan 01 1970 07:00:31 GMT+0700 (Indochina Time), Current mtime: Thu Jan 01 1970 07:10:19 GMT+0700 (Indochina Time)
debug: Inspect cce:/internal/x/prerequisite-imports
debug: Resolve file:///F:/Lap%20Trinh%20Game/simple-games/assets/lobby/scripts/LobbyManager.ts from cce:/internal/x/prerequisite-imports as file:///F:/Lap%20Trinh%20Game/simple-games/assets/lobby/scripts/LobbyManager.ts.
debug: Resolve file:///F:/Lap%20Trinh%20Game/simple-games/assets/lobby/scripts/TopBar.ts from cce:/internal/x/prerequisite-imports as file:///F:/Lap%20Trinh%20Game/simple-games/assets/lobby/scripts/TopBar.ts.
debug: Resolve file:///F:/Lap%20Trinh%20Game/simple-games/assets/migrate-canvas.ts from cce:/internal/x/prerequisite-imports as file:///F:/Lap%20Trinh%20Game/simple-games/assets/migrate-canvas.ts.
debug: Resolve file:///F:/Lap%20Trinh%20Game/simple-games/assets/simple-run/scripts/CameraFollow.ts from cce:/internal/x/prerequisite-imports as file:///F:/Lap%20Trinh%20Game/simple-games/assets/simple-run/scripts/CameraFollow.ts.
debug: Detected change: file:///F:/Lap%20Trinh%20Game/simple-games/assets/simple-run/scripts/CameraFollow.ts. Last mtime: Mon Jan 09 2023 22:02:47 GMT+0700 (Indochina Time)@96d85146-ca46-4ef5-85d2-e65ef09ce9cc, Current mtime: Mon Jan 09 2023 22:12:03 GMT+0700 (Indochina Time)@96d85146-ca46-4ef5-85d2-e65ef09ce9cc
debug: Inspect file:///F:/Lap%20Trinh%20Game/simple-games/assets/simple-run/scripts/CameraFollow.ts
debug: Resolve cc from file:///F:/Lap%20Trinh%20Game/simple-games/assets/simple-run/scripts/CameraFollow.ts as cce:/internal/x/cc.
debug: Resolve cc from file:///F:/Lap%20Trinh%20Game/simple-games/assets/simple-run/scripts/CameraFollow.ts as cce:/internal/x/cc.
debug: Resolve cc from file:///F:/Lap%20Trinh%20Game/simple-games/assets/simple-run/scripts/CameraFollow.ts as cce:/internal/x/cc.
debug: Resolve file:///F:/Lap%20Trinh%20Game/simple-games/assets/simple-run/scripts/ColliderChecker.ts from cce:/internal/x/prerequisite-imports as file:///F:/Lap%20Trinh%20Game/simple-games/assets/simple-run/scripts/ColliderChecker.ts.
debug: Resolve file:///F:/Lap%20Trinh%20Game/simple-games/assets/simple-run/scripts/GameDefines.ts from cce:/internal/x/prerequisite-imports as file:///F:/Lap%20Trinh%20Game/simple-games/assets/simple-run/scripts/GameDefines.ts.
debug: Resolve file:///F:/Lap%20Trinh%20Game/simple-games/assets/simple-run/scripts/GameManager.ts from cce:/internal/x/prerequisite-imports as file:///F:/Lap%20Trinh%20Game/simple-games/assets/simple-run/scripts/GameManager.ts.
debug: Resolve file:///F:/Lap%20Trinh%20Game/simple-games/assets/simple-run/scripts/PlayerController.ts from cce:/internal/x/prerequisite-imports as file:///F:/Lap%20Trinh%20Game/simple-games/assets/simple-run/scripts/PlayerController.ts.
debug: Resolve file:///F:/Lap%20Trinh%20Game/simple-games/assets/simple-shooting/scripts/AutoDestory.ts from cce:/internal/x/prerequisite-imports as file:///F:/Lap%20Trinh%20Game/simple-games/assets/simple-shooting/scripts/AutoDestory.ts.
debug: Resolve file:///F:/Lap%20Trinh%20Game/simple-games/assets/simple-shooting/scripts/Bullet.ts from cce:/internal/x/prerequisite-imports as file:///F:/Lap%20Trinh%20Game/simple-games/assets/simple-shooting/scripts/Bullet.ts.
debug: Resolve file:///F:/Lap%20Trinh%20Game/simple-games/assets/simple-shooting/scripts/GameDefines.ts from cce:/internal/x/prerequisite-imports as file:///F:/Lap%20Trinh%20Game/simple-games/assets/simple-shooting/scripts/GameDefines.ts.
debug: Resolve file:///F:/Lap%20Trinh%20Game/simple-games/assets/simple-shooting/scripts/Grenade.ts from cce:/internal/x/prerequisite-imports as file:///F:/Lap%20Trinh%20Game/simple-games/assets/simple-shooting/scripts/Grenade.ts.
debug: Resolve file:///F:/Lap%20Trinh%20Game/simple-games/assets/simple-shooting/scripts/InputControl.ts from cce:/internal/x/prerequisite-imports as file:///F:/Lap%20Trinh%20Game/simple-games/assets/simple-shooting/scripts/InputControl.ts.
debug: Resolve file:///F:/Lap%20Trinh%20Game/simple-games/assets/simple-shooting/scripts/PhysicsConfig.ts from cce:/internal/x/prerequisite-imports as file:///F:/Lap%20Trinh%20Game/simple-games/assets/simple-shooting/scripts/PhysicsConfig.ts.
debug: Resolve file:///F:/Lap%20Trinh%20Game/simple-games/assets/simple-shooting/scripts/ShootingGameManager.ts from cce:/internal/x/prerequisite-imports as file:///F:/Lap%20Trinh%20Game/simple-games/assets/simple-shooting/scripts/ShootingGameManager.ts.
debug: Resolve file:///F:/Lap%20Trinh%20Game/simple-games/assets/simple-shooting/scripts/ShootingPlayerController.ts from cce:/internal/x/prerequisite-imports as file:///F:/Lap%20Trinh%20Game/simple-games/assets/simple-shooting/scripts/ShootingPlayerController.ts.
debug: Resolve file:///F:/Lap%20Trinh%20Game/simple-games/assets/simple-shooting/scripts/Utils.ts from cce:/internal/x/prerequisite-imports as file:///F:/Lap%20Trinh%20Game/simple-games/assets/simple-shooting/scripts/Utils.ts.
debug: Target(editor) ends with cost 132.51820015907288ms.
debug: Target(preview) build started.
debug: Detected change: cce:/internal/x/prerequisite-imports. Last mtime: Thu Jan 01 1970 07:00:31 GMT+0700 (Indochina Time), Current mtime: Thu Jan 01 1970 07:10:19 GMT+0700 (Indochina Time)
debug: Inspect cce:/internal/x/prerequisite-imports
debug: Resolve file:///F:/Lap%20Trinh%20Game/simple-games/assets/lobby/scripts/LobbyManager.ts from cce:/internal/x/prerequisite-imports as file:///F:/Lap%20Trinh%20Game/simple-games/assets/lobby/scripts/LobbyManager.ts.
debug: Resolve file:///F:/Lap%20Trinh%20Game/simple-games/assets/lobby/scripts/TopBar.ts from cce:/internal/x/prerequisite-imports as file:///F:/Lap%20Trinh%20Game/simple-games/assets/lobby/scripts/TopBar.ts.
debug: Resolve file:///F:/Lap%20Trinh%20Game/simple-games/assets/migrate-canvas.ts from cce:/internal/x/prerequisite-imports as file:///F:/Lap%20Trinh%20Game/simple-games/assets/migrate-canvas.ts.
debug: Resolve file:///F:/Lap%20Trinh%20Game/simple-games/assets/simple-run/scripts/CameraFollow.ts from cce:/internal/x/prerequisite-imports as file:///F:/Lap%20Trinh%20Game/simple-games/assets/simple-run/scripts/CameraFollow.ts.
debug: Detected change: file:///F:/Lap%20Trinh%20Game/simple-games/assets/simple-run/scripts/CameraFollow.ts. Last mtime: Mon Jan 09 2023 22:02:47 GMT+0700 (Indochina Time)@96d85146-ca46-4ef5-85d2-e65ef09ce9cc, Current mtime: Mon Jan 09 2023 22:12:03 GMT+0700 (Indochina Time)@96d85146-ca46-4ef5-85d2-e65ef09ce9cc
debug: Inspect file:///F:/Lap%20Trinh%20Game/simple-games/assets/simple-run/scripts/CameraFollow.ts
debug: Resolve cc from file:///F:/Lap%20Trinh%20Game/simple-games/assets/simple-run/scripts/CameraFollow.ts as cce:/internal/x/cc.
debug: Resolve cc from file:///F:/Lap%20Trinh%20Game/simple-games/assets/simple-run/scripts/CameraFollow.ts as cce:/internal/x/cc.
debug: Resolve cc from file:///F:/Lap%20Trinh%20Game/simple-games/assets/simple-run/scripts/CameraFollow.ts as cce:/internal/x/cc.
debug: Resolve file:///F:/Lap%20Trinh%20Game/simple-games/assets/simple-run/scripts/ColliderChecker.ts from cce:/internal/x/prerequisite-imports as file:///F:/Lap%20Trinh%20Game/simple-games/assets/simple-run/scripts/ColliderChecker.ts.
debug: Resolve file:///F:/Lap%20Trinh%20Game/simple-games/assets/simple-run/scripts/GameDefines.ts from cce:/internal/x/prerequisite-imports as file:///F:/Lap%20Trinh%20Game/simple-games/assets/simple-run/scripts/GameDefines.ts.
debug: Resolve file:///F:/Lap%20Trinh%20Game/simple-games/assets/simple-run/scripts/GameManager.ts from cce:/internal/x/prerequisite-imports as file:///F:/Lap%20Trinh%20Game/simple-games/assets/simple-run/scripts/GameManager.ts.
debug: Resolve file:///F:/Lap%20Trinh%20Game/simple-games/assets/simple-run/scripts/PlayerController.ts from cce:/internal/x/prerequisite-imports as file:///F:/Lap%20Trinh%20Game/simple-games/assets/simple-run/scripts/PlayerController.ts.
debug: Resolve file:///F:/Lap%20Trinh%20Game/simple-games/assets/simple-shooting/scripts/AutoDestory.ts from cce:/internal/x/prerequisite-imports as file:///F:/Lap%20Trinh%20Game/simple-games/assets/simple-shooting/scripts/AutoDestory.ts.
debug: Resolve file:///F:/Lap%20Trinh%20Game/simple-games/assets/simple-shooting/scripts/Bullet.ts from cce:/internal/x/prerequisite-imports as file:///F:/Lap%20Trinh%20Game/simple-games/assets/simple-shooting/scripts/Bullet.ts.
debug: Resolve file:///F:/Lap%20Trinh%20Game/simple-games/assets/simple-shooting/scripts/GameDefines.ts from cce:/internal/x/prerequisite-imports as file:///F:/Lap%20Trinh%20Game/simple-games/assets/simple-shooting/scripts/GameDefines.ts.
debug: Resolve file:///F:/Lap%20Trinh%20Game/simple-games/assets/simple-shooting/scripts/Grenade.ts from cce:/internal/x/prerequisite-imports as file:///F:/Lap%20Trinh%20Game/simple-games/assets/simple-shooting/scripts/Grenade.ts.
debug: Resolve file:///F:/Lap%20Trinh%20Game/simple-games/assets/simple-shooting/scripts/InputControl.ts from cce:/internal/x/prerequisite-imports as file:///F:/Lap%20Trinh%20Game/simple-games/assets/simple-shooting/scripts/InputControl.ts.
debug: Resolve file:///F:/Lap%20Trinh%20Game/simple-games/assets/simple-shooting/scripts/PhysicsConfig.ts from cce:/internal/x/prerequisite-imports as file:///F:/Lap%20Trinh%20Game/simple-games/assets/simple-shooting/scripts/PhysicsConfig.ts.
debug: Resolve file:///F:/Lap%20Trinh%20Game/simple-games/assets/simple-shooting/scripts/ShootingGameManager.ts from cce:/internal/x/prerequisite-imports as file:///F:/Lap%20Trinh%20Game/simple-games/assets/simple-shooting/scripts/ShootingGameManager.ts.
debug: Resolve file:///F:/Lap%20Trinh%20Game/simple-games/assets/simple-shooting/scripts/ShootingPlayerController.ts from cce:/internal/x/prerequisite-imports as file:///F:/Lap%20Trinh%20Game/simple-games/assets/simple-shooting/scripts/ShootingPlayerController.ts.
debug: Resolve file:///F:/Lap%20Trinh%20Game/simple-games/assets/simple-shooting/scripts/Utils.ts from cce:/internal/x/prerequisite-imports as file:///F:/Lap%20Trinh%20Game/simple-games/assets/simple-shooting/scripts/Utils.ts.
debug: Target(preview) ends with cost 141.63790011405945ms.
